27/12/2021 14:14:05 devpinoyLogger ~>> Properties file is loading now....
27/12/2021 14:14:05 devpinoyLogger ~>> Properties file loaded successfully....
27/12/2021 14:14:05 devpinoyLogger ~>> Browser is launching now...
27/12/2021 14:14:07 devpinoyLogger ~>> Browser launched successfully.....
27/12/2021 14:14:08 devpinoyLogger ----------------------------------------------------------------------------
27/12/2021 14:14:08 devpinoyLogger CASE : LOGIN TO QUOTE CQ
27/12/2021 14:14:30 devpinoyLogger ~>> Enter UserName
27/12/2021 14:14:30 devpinoyLogger ~>> Enter Password
27/12/2021 14:14:31 devpinoyLogger ~>> Click on Login Button
27/12/2021 14:14:55 devpinoyLogger RESULT  1 :: Login Done Successfully 
27/12/2021 14:14:55 devpinoyLogger RESULT  2 :: Redirected to CalcuQuote - DashboardPage
27/12/2021 14:14:55 devpinoyLogger RESULT  3 :: Time to login  :: 8 Second(s)
27/12/2021 14:14:55 devpinoyLogger RESULT  4 :: Login done within 60 seconds
27/12/2021 14:14:55 devpinoyLogger ----------------------------------------------------------------------------
27/12/2021 14:14:55 devpinoyLogger :::::::::::::::::::::::::::::::::::::::::::::::::::::::::::::::::::::::::::::::::::::::::::::::::::
27/12/2021 14:14:55 devpinoyLogger #. CASE : CHECK VALIDATION WITH BLANK DEMANDLINE FILE IMPORT
27/12/2021 14:15:00 devpinoyLogger ~>> Redirected to ShopCQ
27/12/2021 14:15:00 devpinoyLogger ----------------------------------------------------------------------------
27/12/2021 14:15:20 devpinoyLogger ~** Upload Demand Using Widget
27/12/2021 14:15:21 devpinoyLogger ~>> Clicked on upload demand
27/12/2021 14:15:41 devpinoyLogger ~>> File uploaded
27/12/2021 14:15:41 devpinoyLogger ~>> There is no popup
27/12/2021 14:15:44 devpinoyLogger ~>> Close Button Clicked
27/12/2021 14:15:44 devpinoyLogger ~>>Popup displayed
27/12/2021 14:15:44 devpinoyLogger ~>> Import Screen Closed
27/12/2021 14:15:44 devpinoyLogger :::::::::::::::::::::::::::::::::::::::::::::::::::::::::::::::::::::::::::::::::::::::::::::::::::
27/12/2021 14:15:44 devpinoyLogger #. CASE : CHECK VALIDATIONS OF DEMANDLINE IMPORT
27/12/2021 14:15:44 devpinoyLogger ~>> Redirected to ShopCQ
27/12/2021 14:15:44 devpinoyLogger ----------------------------------------------------------------------------
27/12/2021 14:16:04 devpinoyLogger ~** Upload Demand Using Widget
27/12/2021 14:16:05 devpinoyLogger ~>> Clicked on upload demand
27/12/2021 14:16:25 devpinoyLogger ~>> File uploaded
27/12/2021 14:16:25 devpinoyLogger ~>> Clicked on NEXT button for mapping Screen
27/12/2021 14:16:25 devpinoyLogger ~>> RESULT :: ALERT DISPLAYED ::  Please map the following required column(s) and try again: Mfgr,MPN,Requested Qty.
27/12/2021 14:16:25 devpinoyLogger ~>> Close Button Clicked
27/12/2021 14:16:25 devpinoyLogger ~>>Popup displayed
27/12/2021 14:16:25 devpinoyLogger ~>> Import Screen Closed
27/12/2021 14:16:37 devpinoyLogger ~** Upload Demand Using Widget
27/12/2021 14:16:38 devpinoyLogger ~>> Clicked on upload demand
27/12/2021 14:17:18 devpinoyLogger ~>> File uploaded
27/12/2021 14:17:18 devpinoyLogger ~>> Clicked on NEXT button for mapping Screen
27/12/2021 14:17:38 devpinoyLogger ~>> Adding Tag Line
27/12/2021 14:17:55 devpinoyLogger ~>> Tag Line Added :: 27122021-14-17-49
27/12/2021 14:18:24 devpinoyLogger ~>>  ERROR MESSAGE DISPLAYED
27/12/2021 14:18:32 devpinoyLogger ~>> Error msg displayed
27/12/2021 14:18:33 devpinoyLogger ~>> Actual Error Message :: Supplier is required if you have UnitPrice.
27/12/2021 14:18:33 devpinoyLogger ~>> RESULT ::  ERROR MESSAGE DISPLAYED - Supplier is required if you have UnitPrice.
27/12/2021 14:18:36 devpinoyLogger Error - [[ChromeDriver: chrome on WINDOWS (df185a519a294787079eaf91cec2ffda)] -> xpath: .//*[@id='validationSpreadsheet']//table//tr//td[@data-x='5' and contains(@style,'background-color: rgb(241, 158, 154);')]]
27/12/2021 14:18:52 devpinoyLogger Error - [[ChromeDriver: chrome on WINDOWS (df185a519a294787079eaf91cec2ffda)] -> xpath: .//*[@id='validationSpreadsheet']//table//tr//td[@data-x='5' and contains(@style,'background-color: rgb(241, 158, 154);')]]
27/12/2021 14:19:06 devpinoyLogger ~>> Input Data Corrected for :: Supplier
27/12/2021 14:19:32 devpinoyLogger ~>> Error msg displayed
27/12/2021 14:19:32 devpinoyLogger ~>> Actual Error Message :: NCNR Test not found.
27/12/2021 14:19:32 devpinoyLogger ~>> RESULT ::  ERROR MESSAGE DISPLAYED - NCNR Test not found.
27/12/2021 14:19:52 devpinoyLogger ~>> Input Data Corrected for :: NCNR
27/12/2021 14:19:55 devpinoyLogger ~>> Error msg displayed
27/12/2021 14:19:55 devpinoyLogger ~>> Actual Error Message :: RoHS Test not found.
27/12/2021 14:19:55 devpinoyLogger ~>> RESULT ::  ERROR MESSAGE DISPLAYED - RoHS Test not found.
27/12/2021 14:20:15 devpinoyLogger ~>> Input Data Corrected for :: RoHS
27/12/2021 14:20:18 devpinoyLogger ~>> Error msg displayed
27/12/2021 14:20:18 devpinoyLogger ~>> Actual Error Message :: Target Price must be a numeric value between 0 and 999999.99999.
27/12/2021 14:20:18 devpinoyLogger ~>> RESULT ::  ERROR MESSAGE DISPLAYED - Target Price must be a numeric value between 0 and 999999.99999.
27/12/2021 14:20:22 devpinoyLogger Error - [[ChromeDriver: chrome on WINDOWS (df185a519a294787079eaf91cec2ffda)] -> xpath: .//*[@id='validationSpreadsheet']//table//tr//td[@data-x='6' and contains(@style,'background-color: rgb(241, 158, 154);')]]
27/12/2021 14:20:38 devpinoyLogger Error - [[ChromeDriver: chrome on WINDOWS (df185a519a294787079eaf91cec2ffda)] -> xpath: .//*[@id='validationSpreadsheet']//table//tr//td[@data-x='6' and contains(@style,'background-color: rgb(241, 158, 154);')]]
27/12/2021 14:20:55 devpinoyLogger Error - [[ChromeDriver: chrome on WINDOWS (df185a519a294787079eaf91cec2ffda)] -> xpath: .//*[@id='validationSpreadsheet']//table//tr//td[@data-x='6' and contains(@style,'background-color: rgb(241, 158, 154);')]]
27/12/2021 14:21:12 devpinoyLogger Error - [[ChromeDriver: chrome on WINDOWS (df185a519a294787079eaf91cec2ffda)] -> xpath: .//*[@id='validationSpreadsheet']//table//tr//td[@data-x='6' and contains(@style,'background-color: rgb(241, 158, 154);')]]
27/12/2021 14:21:26 devpinoyLogger ~>> Input Data Corrected for :: Target Price
27/12/2021 14:21:29 devpinoyLogger ~>> Error msg displayed
27/12/2021 14:21:29 devpinoyLogger ~>> Actual Error Message :: Unit Price must be a numeric value between 0.00001 and 999999.99999.
27/12/2021 14:21:29 devpinoyLogger ~>> RESULT ::  ERROR MESSAGE DISPLAYED - Unit Price must be a numeric value between 0.00001 and 999999.99999.
27/12/2021 14:21:32 devpinoyLogger Error - [[ChromeDriver: chrome on WINDOWS (df185a519a294787079eaf91cec2ffda)] -> xpath: .//*[@id='validationSpreadsheet']//table//tr//td[@data-x='7' and contains(@style,'background-color: rgb(241, 158, 154);')]]
27/12/2021 14:21:49 devpinoyLogger Error - [[ChromeDriver: chrome on WINDOWS (df185a519a294787079eaf91cec2ffda)] -> xpath: .//*[@id='validationSpreadsheet']//table//tr//td[@data-x='7' and contains(@style,'background-color: rgb(241, 158, 154);')]]
27/12/2021 14:22:05 devpinoyLogger Error - [[ChromeDriver: chrome on WINDOWS (df185a519a294787079eaf91cec2ffda)] -> xpath: .//*[@id='validationSpreadsheet']//table//tr//td[@data-x='7' and contains(@style,'background-color: rgb(241, 158, 154);')]]
27/12/2021 14:22:22 devpinoyLogger Error - [[ChromeDriver: chrome on WINDOWS (df185a519a294787079eaf91cec2ffda)] -> xpath: .//*[@id='validationSpreadsheet']//table//tr//td[@data-x='7' and contains(@style,'background-color: rgb(241, 158, 154);')]]
27/12/2021 14:22:36 devpinoyLogger ~>> Input Data Corrected for :: Unit Price
27/12/2021 14:22:39 devpinoyLogger ~>> Error msg displayed
27/12/2021 14:22:39 devpinoyLogger ~>> Actual Error Message :: Requested Qty must be a numeric value between 1 and 999999999.999999.
27/12/2021 14:22:39 devpinoyLogger ~>> RESULT ::  ERROR MESSAGE DISPLAYED - Requested Qty must be a numeric value between 1 and 999999999.999999.
27/12/2021 14:22:42 devpinoyLogger Error - [[ChromeDriver: chrome on WINDOWS (df185a519a294787079eaf91cec2ffda)] -> xpath: .//*[@id='validationSpreadsheet']//table//tr//td[@data-x='8' and contains(@style,'background-color: rgb(241, 158, 154);')]]
27/12/2021 14:22:59 devpinoyLogger Error - [[ChromeDriver: chrome on WINDOWS (df185a519a294787079eaf91cec2ffda)] -> xpath: .//*[@id='validationSpreadsheet']//table//tr//td[@data-x='8' and contains(@style,'background-color: rgb(241, 158, 154);')]]
27/12/2021 14:23:16 devpinoyLogger Error - [[ChromeDriver: chrome on WINDOWS (df185a519a294787079eaf91cec2ffda)] -> xpath: .//*[@id='validationSpreadsheet']//table//tr//td[@data-x='8' and contains(@style,'background-color: rgb(241, 158, 154);')]]
27/12/2021 14:23:32 devpinoyLogger Error - [[ChromeDriver: chrome on WINDOWS (df185a519a294787079eaf91cec2ffda)] -> xpath: .//*[@id='validationSpreadsheet']//table//tr//td[@data-x='8' and contains(@style,'background-color: rgb(241, 158, 154);')]]
27/12/2021 14:23:49 devpinoyLogger Error - [[ChromeDriver: chrome on WINDOWS (df185a519a294787079eaf91cec2ffda)] -> xpath: .//*[@id='validationSpreadsheet']//table//tr//td[@data-x='8' and contains(@style,'background-color: rgb(241, 158, 154);')]]
27/12/2021 14:24:06 devpinoyLogger Error - [[ChromeDriver: chrome on WINDOWS (df185a519a294787079eaf91cec2ffda)] -> xpath: .//*[@id='validationSpreadsheet']//table//tr//td[@data-x='8' and contains(@style,'background-color: rgb(241, 158, 154);')]]
27/12/2021 14:24:20 devpinoyLogger ~>> Input Data Corrected for :: Requested Qty
27/12/2021 14:24:23 devpinoyLogger ~>> Error msg displayed
27/12/2021 14:24:23 devpinoyLogger ~>> Actual Error Message :: Supplier is required if you have UnitPrice.
27/12/2021 14:24:23 devpinoyLogger ~>> RESULT ::  ERROR MESSAGE DISPLAYED - Supplier is required if you have UnitPrice.
27/12/2021 14:24:26 devpinoyLogger Error - [[ChromeDriver: chrome on WINDOWS (df185a519a294787079eaf91cec2ffda)] -> xpath: .//*[@id='validationSpreadsheet']//table//tr//td[@data-x='5' and contains(@style,'background-color: rgb(241, 158, 154);')]]
27/12/2021 14:24:43 devpinoyLogger Error - [[ChromeDriver: chrome on WINDOWS (df185a519a294787079eaf91cec2ffda)] -> xpath: .//*[@id='validationSpreadsheet']//table//tr//td[@data-x='5' and contains(@style,'background-color: rgb(241, 158, 154);')]]
27/12/2021 14:24:59 devpinoyLogger Error - [[ChromeDriver: chrome on WINDOWS (df185a519a294787079eaf91cec2ffda)] -> xpath: .//*[@id='validationSpreadsheet']//table//tr//td[@data-x='5' and contains(@style,'background-color: rgb(241, 158, 154);')]]
27/12/2021 14:25:16 devpinoyLogger Error - [[ChromeDriver: chrome on WINDOWS (df185a519a294787079eaf91cec2ffda)] -> xpath: .//*[@id='validationSpreadsheet']//table//tr//td[@data-x='5' and contains(@style,'background-color: rgb(241, 158, 154);')]]
27/12/2021 14:25:30 devpinoyLogger ~>> Input Data Corrected for :: Supplier
27/12/2021 14:25:56 devpinoyLogger ~>> Error msg displayed
27/12/2021 14:25:56 devpinoyLogger ~>> Actual Error Message :: Mfgr is required.
27/12/2021 14:25:56 devpinoyLogger ~>> RESULT ::  ERROR MESSAGE DISPLAYED - Mfgr is required.
27/12/2021 14:25:59 devpinoyLogger Error - [[ChromeDriver: chrome on WINDOWS (df185a519a294787079eaf91cec2ffda)] -> xpath: .//*[@id='validationSpreadsheet']//table//tr//td[@data-x='2' and contains(@style,'background-color: rgb(241, 158, 154);')]]
27/12/2021 14:26:16 devpinoyLogger Error - [[ChromeDriver: chrome on WINDOWS (df185a519a294787079eaf91cec2ffda)] -> xpath: .//*[@id='validationSpreadsheet']//table//tr//td[@data-x='2' and contains(@style,'background-color: rgb(241, 158, 154);')]]
27/12/2021 14:26:30 devpinoyLogger ~>> Input Data Corrected for :: Mfgr
27/12/2021 14:26:33 devpinoyLogger ~>> Error msg displayed
27/12/2021 14:26:33 devpinoyLogger ~>> Actual Error Message :: MPN is required.
27/12/2021 14:26:33 devpinoyLogger ~>> RESULT ::  ERROR MESSAGE DISPLAYED - MPN is required.
27/12/2021 14:27:26 devpinoyLogger ~>> Index: 2, Size: 2
27/12/2021 14:27:26 devpinoyLogger ~>> Input Data Corrected for :: MPN
27/12/2021 14:27:46 devpinoyLogger ~>> NO MORE ERROR EXISTS
27/12/2021 14:27:54 devpinoyLogger ~>> Checking actual line items
27/12/2021 14:28:04 devpinoyLogger ~>> SIZE :: 13
27/12/2021 14:28:04 devpinoyLogger ~>> Existing Line Item :: 1
27/12/2021 14:28:04 devpinoyLogger ~>> Existing Line Item :: 2
27/12/2021 14:28:04 devpinoyLogger ~>> Existing Line Item :: 3
27/12/2021 14:28:04 devpinoyLogger ~>> Existing Line Item :: 4
27/12/2021 14:28:04 devpinoyLogger ~>> Existing Line Item :: 5
27/12/2021 14:28:04 devpinoyLogger ~>> Existing Line Item :: 5
27/12/2021 14:28:04 devpinoyLogger ~>> Existing Line Item :: 6
27/12/2021 14:28:04 devpinoyLogger ~>> Existing Line Item :: 7
27/12/2021 14:28:04 devpinoyLogger ~>> Existing Line Item :: 8
27/12/2021 14:28:04 devpinoyLogger ~>> Existing Line Item :: 9
27/12/2021 14:28:04 devpinoyLogger ~>> Existing Line Item :: 10
27/12/2021 14:28:04 devpinoyLogger ~>> Existing Line Item :: 11
27/12/2021 14:28:04 devpinoyLogger ~>> Existing Line Item :: 12
27/12/2021 14:28:04 devpinoyLogger ~>> ACTUAL  TOTAL LINE ITEMS  ::  12
27/12/2021 14:28:04 devpinoyLogger ~>> Duplicate Line Item  :: 5
27/12/2021 14:28:04 devpinoyLogger ~>> Actual :: K [5 = TE Connectivity | 552731-1]
27/12/2021 14:28:04 devpinoyLogger ~>> Actual :: J [5 = TE Connectivity | 552731-1, 5 = TE Connectivity | 552731-1]
27/12/2021 14:28:04 devpinoyLogger ~>> Multiple MPN for Same lIne items :: 5 = TE Connectivity | 552731-1
27/12/2021 14:28:04 devpinoyLogger ~>> Multiple MPN for Same lIne items :: 5 = TE Connectivity | 552731-1
27/12/2021 14:28:04 devpinoyLogger ~>> EXPECTED Multiple MPN for Same line items Without Duplication [5 = TE Connectivity | 552731-1]
27/12/2021 14:28:07 devpinoyLogger ~>> Clicked on VALIDATE AND  IMPORT button
27/12/2021 14:28:18 devpinoyLogger SECOND IF
27/12/2021 14:28:21 devpinoyLogger ~>> Clicked on VALIDATE AND  IMPORT button
27/12/2021 14:28:29 devpinoyLogger ~>>  ERROR MESSAGE DISPLAYED
27/12/2021 14:28:37 devpinoyLogger ~>> Error msg displayed
27/12/2021 14:28:37 devpinoyLogger ~>> Actual Error Message :: Requested Quantity must match for same Line Number.
27/12/2021 14:28:37 devpinoyLogger ~>> RESULT ::  ERROR MESSAGE DISPLAYED - Requested Quantity must match for same Line Number.
27/12/2021 14:28:40 devpinoyLogger Error - [[ChromeDriver: chrome on WINDOWS (df185a519a294787079eaf91cec2ffda)] -> xpath: .//*[@id='validationSpreadsheet']//table//tr//td[@data-x='8' and contains(@style,'background-color: rgb(241, 158, 154);')]]
27/12/2021 14:28:57 devpinoyLogger Error - [[ChromeDriver: chrome on WINDOWS (df185a519a294787079eaf91cec2ffda)] -> xpath: .//*[@id='validationSpreadsheet']//table//tr//td[@data-x='8' and contains(@style,'background-color: rgb(241, 158, 154);')]]
27/12/2021 14:29:11 devpinoyLogger ~>> Input Data Corrected for :: Requested Qty
27/12/2021 14:29:14 devpinoyLogger ~>> Error msg displayed
27/12/2021 14:29:14 devpinoyLogger ~>> Actual Error Message :: Duplicate MPN found on the row(s) 5,6.
27/12/2021 14:29:14 devpinoyLogger ~>> RESULT ::  ERROR MESSAGE DISPLAYED - Duplicate MPN found on the row(s) 5,6.
27/12/2021 14:30:24 devpinoyLogger ~>> Index: 2, Size: 2
27/12/2021 14:30:24 devpinoyLogger ~>> Input Data Corrected for :: MPN
27/12/2021 14:30:44 devpinoyLogger ~>> NO MORE ERROR EXISTS
27/12/2021 14:30:52 devpinoyLogger ~>> Checking actual line items
27/12/2021 14:31:02 devpinoyLogger ~>> SIZE :: 13
27/12/2021 14:31:02 devpinoyLogger ~>> Existing Line Item :: 1
27/12/2021 14:31:02 devpinoyLogger ~>> Existing Line Item :: 2
27/12/2021 14:31:02 devpinoyLogger ~>> Existing Line Item :: 3
27/12/2021 14:31:02 devpinoyLogger ~>> Existing Line Item :: 4
27/12/2021 14:31:02 devpinoyLogger ~>> Existing Line Item :: 5
27/12/2021 14:31:02 devpinoyLogger ~>> Existing Line Item :: 5
27/12/2021 14:31:02 devpinoyLogger ~>> Existing Line Item :: 6
27/12/2021 14:31:02 devpinoyLogger ~>> Existing Line Item :: 7
27/12/2021 14:31:02 devpinoyLogger ~>> Existing Line Item :: 8
27/12/2021 14:31:02 devpinoyLogger ~>> Existing Line Item :: 9
27/12/2021 14:31:02 devpinoyLogger ~>> Existing Line Item :: 10
27/12/2021 14:31:02 devpinoyLogger ~>> Existing Line Item :: 11
27/12/2021 14:31:02 devpinoyLogger ~>> Existing Line Item :: 12
27/12/2021 14:31:02 devpinoyLogger ~>> ACTUAL  TOTAL LINE ITEMS  ::  12
27/12/2021 14:31:02 devpinoyLogger ~>> Duplicate Line Item  :: 5
27/12/2021 14:31:02 devpinoyLogger ~>> Actual :: K [5 = TE Connectivity | 552731-1, 5 = TE Connectivity | 5014]
27/12/2021 14:31:02 devpinoyLogger ~>> Actual :: J [5 = TE Connectivity | 552731-1, 5 = TE Connectivity | 5014, 5 = TE Connectivity | 5015]
27/12/2021 14:31:02 devpinoyLogger ~>> Multiple MPN for Same lIne items :: 5 = TE Connectivity | 552731-1
27/12/2021 14:31:02 devpinoyLogger ~>> Multiple MPN for Same lIne items :: 5 = TE Connectivity | 5014
27/12/2021 14:31:02 devpinoyLogger ~>> Multiple MPN for Same lIne items :: 5 = TE Connectivity | 5015
27/12/2021 14:31:02 devpinoyLogger ~>> EXPECTED Multiple MPN for Same line items Without Duplication [5 = TE Connectivity | 5015, 5 = TE Connectivity | 5014, 5 = TE Connectivity | 552731-1]
27/12/2021 14:31:05 devpinoyLogger ~>> Clicked on VALIDATE AND  IMPORT button
27/12/2021 14:31:30 devpinoyLogger ~>> Errors Cleared
27/12/2021 14:31:31 devpinoyLogger ..............................................................................................................
27/12/2021 14:31:31 devpinoyLogger ~>> Verifying imported demand lines
27/12/2021 14:32:19 devpinoyLogger !WARNING: Unable to click on element [Ljava.lang.StackTraceElement;@6ace919c
27/12/2021 14:32:47 devpinoyLogger !WARNING: Unable to click on element [Ljava.lang.StackTraceElement;@261275ae
27/12/2021 14:32:47 devpinoyLogger ~>> Clicked on Demand list
27/12/2021 14:33:11 devpinoyLogger ~>> Tags filter added :: 27122021-14-17-49
27/12/2021 14:33:26 devpinoyLogger ~>> EXPECTED  TOTAL LINE ITEMS :: 12
27/12/2021 14:33:26 devpinoyLogger ~>> ACTUAL  TOTAL LINE ITEMS  ::  12
27/12/2021 14:33:26 devpinoyLogger ~>> RESULT :: ACTUAL AND EXPECTED TOTAL LINE ITEMS ARE CORRECT 
27/12/2021 14:33:26 devpinoyLogger ..............................................................................................................
27/12/2021 14:33:26 devpinoyLogger verifying Mfgr and MPN
27/12/2021 14:33:26 devpinoyLogger RESULT :: ~>> ORIGINAL MPN IS AVAILABLE
27/12/2021 14:33:26 devpinoyLogger RESULT :: ~>> ORIGINAL MPN IS AVAILABLE
27/12/2021 14:33:26 devpinoyLogger RESULT :: ~>> ORIGINAL MPN IS AVAILABLE
27/12/2021 14:33:26 devpinoyLogger RESULT :: ~>> ORIGINAL MPN IS AVAILABLE
27/12/2021 14:33:26 devpinoyLogger RESULT :: ~>> ORIGINAL MPN IS AVAILABLE
27/12/2021 14:33:26 devpinoyLogger RESULT :: ~>> ORIGINAL MPN IS AVAILABLE
27/12/2021 14:33:26 devpinoyLogger RESULT :: ~>> ORIGINAL MPN IS AVAILABLE
27/12/2021 14:33:26 devpinoyLogger RESULT :: ~>> ORIGINAL MPN IS AVAILABLE
27/12/2021 14:33:26 devpinoyLogger RESULT :: ~>> ORIGINAL MPN IS AVAILABLE
27/12/2021 14:33:26 devpinoyLogger RESULT :: ~>> ORIGINAL MPN IS AVAILABLE
27/12/2021 14:33:26 devpinoyLogger RESULT :: ~>> ORIGINAL MPN IS AVAILABLE
27/12/2021 14:33:26 devpinoyLogger RESULT :: ~>> ORIGINAL MPN IS AVAILABLE
27/12/2021 14:33:26 devpinoyLogger RESULT :: ~>> ORIGINAL MPN IS AVAILABLE
27/12/2021 14:33:26 devpinoyLogger RESULT :: ~>> ORIGINAL MPN IS AVAILABLE
27/12/2021 14:33:26 devpinoyLogger RESULT :: ~>> ORIGINAL MPN IS AVAILABLE
27/12/2021 14:33:26 devpinoyLogger RESULT :: ~>> ORIGINAL MPN IS AVAILABLE
27/12/2021 14:33:26 devpinoyLogger RESULT :: ~>> ORIGINAL MPN IS AVAILABLE
27/12/2021 14:33:26 devpinoyLogger RESULT :: ~>> ORIGINAL MPN IS AVAILABLE
27/12/2021 14:33:26 devpinoyLogger RESULT :: ~>> ORIGINAL MPN IS AVAILABLE
27/12/2021 14:33:26 devpinoyLogger RESULT :: ~>> ORIGINAL MPN IS AVAILABLE
27/12/2021 14:33:26 devpinoyLogger RESULT :: ~>> ORIGINAL MPN IS AVAILABLE
27/12/2021 14:33:26 devpinoyLogger RESULT :: ~>> ORIGINAL MPN IS AVAILABLE
27/12/2021 14:33:26 devpinoyLogger RESULT :: ~>> ORIGINAL MPN IS AVAILABLE
27/12/2021 14:33:26 devpinoyLogger RESULT :: ~>> ORIGINAL MPN IS AVAILABLE
27/12/2021 14:33:28 devpinoyLogger ~>> RESULT ::  Supplier Name is Correct
27/12/2021 14:33:28 devpinoyLogger ~>> RESULT ::  Supplier Name is Correct
27/12/2021 14:33:28 devpinoyLogger ~>> RESULT ::  Supplier Name is Correct
27/12/2021 14:33:28 devpinoyLogger ~>> RESULT ::  Supplier Name is Correct
27/12/2021 14:33:28 devpinoyLogger ~>> RESULT ::  Supplier Name is Correct
27/12/2021 14:33:28 devpinoyLogger ~>> RESULT ::  Supplier Name is Correct
27/12/2021 14:33:38 devpinoyLogger ~>> INNER TEXT - 
27/12/2021 14:33:38 devpinoyLogger ~>> Pricing is not running
27/12/2021 14:33:48 devpinoyLogger ~>> Tags filter added :: 27122021-14-17-49
27/12/2021 14:33:48 devpinoyLogger ..............................................................................................................
27/12/2021 14:34:26 devpinoyLogger ~>> Multiple MPN for same demand line :: TE Connectivity-5014
27/12/2021 14:34:26 devpinoyLogger ~>> Multiple MPN for same demand line :: TE Connectivity-5015
27/12/2021 14:34:26 devpinoyLogger ~>> RESULT :: NO DUPLICATE MPN ARE AVAILABLE FOR SAME DEMAND LINE
27/12/2021 14:34:39 devpinoyLogger ~>> Unit Price - Actual Value :: 
27/12/2021 14:34:39 devpinoyLogger ~>> Unit Price - Actual Value :: 
27/12/2021 14:34:39 devpinoyLogger ~>> Unit Price - Actual Value :: $1,200
27/12/2021 14:34:39 devpinoyLogger ~>> RESULT :: Unit Price - Contains correct range value -1.0E-5-999999.99999
27/12/2021 14:34:39 devpinoyLogger ~>> Unit Price - Actual Value :: 
27/12/2021 14:34:39 devpinoyLogger ~>> Unit Price - Actual Value :: 
27/12/2021 14:34:39 devpinoyLogger ~>> Unit Price - Actual Value :: $100
27/12/2021 14:34:39 devpinoyLogger ~>> RESULT :: Unit Price - Contains correct range value -1.0E-5-999999.99999
27/12/2021 14:34:39 devpinoyLogger ~>> Unit Price - Actual Value :: $100
27/12/2021 14:34:39 devpinoyLogger ~>> RESULT :: Unit Price - Contains correct range value -1.0E-5-999999.99999
27/12/2021 14:34:39 devpinoyLogger ~>> Unit Price - Actual Value :: $100
27/12/2021 14:34:39 devpinoyLogger ~>> RESULT :: Unit Price - Contains correct range value -1.0E-5-999999.99999
27/12/2021 14:34:39 devpinoyLogger ~>> Unit Price - Actual Value :: $100
27/12/2021 14:34:39 devpinoyLogger ~>> RESULT :: Unit Price - Contains correct range value -1.0E-5-999999.99999
27/12/2021 14:34:39 devpinoyLogger ~>> Unit Price - Actual Value :: 
27/12/2021 14:34:39 devpinoyLogger ~>> Unit Price - Actual Value :: 
27/12/2021 14:34:39 devpinoyLogger ~>> Unit Price - Actual Value :: $1,200
27/12/2021 14:34:39 devpinoyLogger ~>> RESULT :: Unit Price - Contains correct range value -1.0E-5-999999.99999
27/12/2021 14:34:39 devpinoyLogger ..............................................................................................................
27/12/2021 14:34:41 devpinoyLogger ~>> Target Price - Actual Value :: 
27/12/2021 14:34:41 devpinoyLogger ~>> Target Price - Actual Value :: 
27/12/2021 14:34:41 devpinoyLogger ~>> Target Price - Actual Value :: $1,200
27/12/2021 14:34:41 devpinoyLogger ~>> RESULT :: Target Price - Contains correct range value -1.0E-6-9.9999999E7
27/12/2021 14:34:41 devpinoyLogger ~>> Target Price - Actual Value :: 
27/12/2021 14:34:41 devpinoyLogger ~>> Target Price - Actual Value :: 
27/12/2021 14:34:41 devpinoyLogger ~>> Target Price - Actual Value :: $0.999999
27/12/2021 14:34:41 devpinoyLogger ~>> RESULT :: Target Price - Contains correct range value -1.0E-6-9.9999999E7
27/12/2021 14:34:41 devpinoyLogger ~>> Target Price - Actual Value :: $2,000
27/12/2021 14:34:41 devpinoyLogger ~>> RESULT :: Target Price - Contains correct range value -1.0E-6-9.9999999E7
27/12/2021 14:34:41 devpinoyLogger ~>> Target Price - Actual Value :: $2,000
27/12/2021 14:34:41 devpinoyLogger ~>> RESULT :: Target Price - Contains correct range value -1.0E-6-9.9999999E7
27/12/2021 14:34:41 devpinoyLogger ~>> Target Price - Actual Value :: $2,000
27/12/2021 14:34:41 devpinoyLogger ~>> RESULT :: Target Price - Contains correct range value -1.0E-6-9.9999999E7
27/12/2021 14:34:41 devpinoyLogger ~>> Target Price - Actual Value :: 
27/12/2021 14:34:41 devpinoyLogger ~>> Target Price - Actual Value :: 
27/12/2021 14:34:41 devpinoyLogger ~>> Target Price - Actual Value :: $2,000
27/12/2021 14:34:41 devpinoyLogger ~>> RESULT :: Target Price - Contains correct range value -1.0E-6-9.9999999E7
27/12/2021 14:34:41 devpinoyLogger ..............................................................................................................
27/12/2021 14:34:44 devpinoyLogger ~>> Requested Qty - Actual Value :: 
27/12/2021 14:34:44 devpinoyLogger ~>> Requested Qty - Actual Value :: 
27/12/2021 14:34:44 devpinoyLogger ~>> Requested Qty - Actual Value :: 9
27/12/2021 14:34:44 devpinoyLogger ~>> RESULT :: Requested Qty - Contains correct range value -1.0-9.99999999999999E8
27/12/2021 14:34:44 devpinoyLogger ~>> Requested Qty - Actual Value :: 
27/12/2021 14:34:44 devpinoyLogger ~>> Requested Qty - Actual Value :: 
27/12/2021 14:34:44 devpinoyLogger ~>> Requested Qty - Actual Value :: 1,500
27/12/2021 14:34:44 devpinoyLogger ~>> RESULT :: Requested Qty - Contains correct range value -1.0-9.99999999999999E8
27/12/2021 14:34:44 devpinoyLogger ~>> Requested Qty - Actual Value :: 1,500
27/12/2021 14:34:44 devpinoyLogger ~>> RESULT :: Requested Qty - Contains correct range value -1.0-9.99999999999999E8
27/12/2021 14:34:44 devpinoyLogger ~>> Requested Qty - Actual Value :: 1,500
27/12/2021 14:34:44 devpinoyLogger ~>> RESULT :: Requested Qty - Contains correct range value -1.0-9.99999999999999E8
27/12/2021 14:34:44 devpinoyLogger ~>> Requested Qty - Actual Value :: 1,500
27/12/2021 14:34:44 devpinoyLogger ~>> RESULT :: Requested Qty - Contains correct range value -1.0-9.99999999999999E8
27/12/2021 14:34:44 devpinoyLogger ~>> Requested Qty - Actual Value :: 
27/12/2021 14:34:44 devpinoyLogger ~>> Requested Qty - Actual Value :: 
27/12/2021 14:34:44 devpinoyLogger ~>> Requested Qty - Actual Value :: 1,000,000
27/12/2021 14:34:44 devpinoyLogger ~>> RESULT :: Requested Qty - Contains correct range value -1.0-9.99999999999999E8
27/12/2021 14:34:44 devpinoyLogger ..............................................................................................................
27/12/2021 14:34:44 devpinoyLogger ~>> Verifying RoHs and NCNR for imported line items
27/12/2021 14:35:39 devpinoyLogger ~>> Clicked on Pricing
27/12/2021 14:36:12 devpinoyLogger ~>> RoHS and NCNR fields are hidden
