12:42:36,653  INFO devpinoyLogger<strong>{1}</strong>:57 - ~>> Properties file is loading now....
12:42:36,660  INFO devpinoyLogger<strong>{1}</strong>:77 - ~>> Properties file loaded successfully....
12:42:36,661  INFO devpinoyLogger<strong>{1}</strong>:78 - ~>> Browser is launching now...
12:42:42,385  INFO devpinoyLogger<strong>{1}</strong>:107 - ~>> Browser launched successfully.....
12:42:43,272  INFO devpinoyLogger<strong>{1}</strong>:25 - ----------------------------------------------------------------------------
12:42:43,273  INFO devpinoyLogger<strong>{1}</strong>:27 - CASE : LOGIN TO QUOTE CQ
12:42:59,590  INFO devpinoyLogger<strong>{1}</strong>:28 - ~>> Enter UserName
12:42:59,808  INFO devpinoyLogger<strong>{1}</strong>:31 - ~>> Enter Password
12:43:00,141  INFO devpinoyLogger<strong>{1}</strong>:35 - ~>> Click on Login Button
12:43:59,069  INFO devpinoyLogger<strong>{1}</strong>:33 - RESULT  1 :: Login Done Successfully 
12:43:59,085  INFO devpinoyLogger<strong>{1}</strong>:34 - RESULT  2 :: Redirected to CalcuQuote - DashboardPage
12:43:59,086  INFO devpinoyLogger<strong>{1}</strong>:45 - RESULT  3 :: Time to login  :: 8 Second(s)
12:43:59,086  INFO devpinoyLogger<strong>{1}</strong>:48 - RESULT  4 :: Login done within 60 seconds
12:43:59,086  INFO devpinoyLogger<strong>{1}</strong>:54 - ----------------------------------------------------------------------------
12:43:59,123  INFO devpinoyLogger<strong>{1}</strong>:247 - ::::::::::::::::::::::::::::::::::::::::::::::::::::::::::::::::::::::::::::::::::::::::::::::::::::::::::::::::::::::::::::::::::::::::::::::::::::::::::::::::::
12:43:59,124  INFO devpinoyLogger<strong>{1}</strong>:251 - #. CASE : CHECK FOR BOM LINE ITEM AND ADD MANUAL LINE ITEM
12:43:59,126  INFO devpinoyLogger<strong>{1}</strong>:39 - ~>> Click on RFQ List icon
12:44:12,486  INFO devpinoyLogger<strong>{1}</strong>:69 - ~>> Select RFQ
12:44:12,516  INFO devpinoyLogger<strong>{1}</strong>:72 - ~>> Assembly Id  :: 62528
12:44:30,867  INFO devpinoyLogger<strong>{1}</strong>:65 - ~>> Redirected to Material Tab 
12:44:38,982  INFO devpinoyLogger<strong>{1}</strong>:74 - ~>> Scrolling done
12:44:51,989  INFO devpinoyLogger<strong>{1}</strong>:247 - ::::::::::::::::::::::::::::::::::::::::::::::::::::::::::::::::::::::::::::::::::::::::::::::::::::::::::::::::::::::::::::::::::::::::::::::::::::::::::::::::::
12:44:51,989  INFO devpinoyLogger<strong>{1}</strong>:251 - #. CASE : GET Assembly Price
12:44:52,077  INFO devpinoyLogger<strong>{1}</strong>:210 - 1635750824049-uiGrid-010D
12:44:52,077  INFO devpinoyLogger<strong>{1}</strong>:212 - uiGrid-010D
12:45:04,416  INFO devpinoyLogger<strong>{1}</strong>:221 -  1.406625 
12:45:04,442  INFO devpinoyLogger<strong>{1}</strong>:225 - ~>> Assembly Price Total :: 1.406625
12:45:09,453  INFO devpinoyLogger<strong>{1}</strong>:247 - ::::::::::::::::::::::::::::::::::::::::::::::::::::::::::::::::::::::::::::::::::::::::::::::::::::::::::::::::::::::::::::::::::::::::::::::::::::::::::::::::::
12:45:09,453  INFO devpinoyLogger<strong>{1}</strong>:251 - #. CASE : GET Unit Price
12:45:09,523  INFO devpinoyLogger<strong>{1}</strong>:210 - 1635750824049-uiGrid-010D
12:45:09,524  INFO devpinoyLogger<strong>{1}</strong>:212 - uiGrid-010D
12:45:21,889  INFO devpinoyLogger<strong>{1}</strong>:221 -  0.051150 
12:45:21,908  INFO devpinoyLogger<strong>{1}</strong>:225 - ~>> Unit Price Total :: 0.05115
12:45:26,915  INFO devpinoyLogger<strong>{1}</strong>:247 - ::::::::::::::::::::::::::::::::::::::::::::::::::::::::::::::::::::::::::::::::::::::::::::::::::::::::::::::::::::::::::::::::::::::::::::::::::::::::::::::::::
12:45:26,917  INFO devpinoyLogger<strong>{1}</strong>:251 - #. CASE : GET Total Qty
12:45:27,002  INFO devpinoyLogger<strong>{1}</strong>:210 - 1635750824049-uiGrid-010D
12:45:27,002  INFO devpinoyLogger<strong>{1}</strong>:212 - uiGrid-010D
12:45:39,470  INFO devpinoyLogger<strong>{1}</strong>:221 - 330 
12:45:39,506  INFO devpinoyLogger<strong>{1}</strong>:225 - ~>> Total Qty Total :: 330.0
12:45:44,511  INFO devpinoyLogger<strong>{1}</strong>:247 - ::::::::::::::::::::::::::::::::::::::::::::::::::::::::::::::::::::::::::::::::::::::::::::::::::::::::::::::::::::::::::::::::::::::::::::::::::::::::::::::::::
12:45:44,512  INFO devpinoyLogger<strong>{1}</strong>:251 - #. CASE : GET Excess Amt
12:45:44,578  INFO devpinoyLogger<strong>{1}</strong>:210 - 1635750824049-uiGrid-010D
12:45:44,578  INFO devpinoyLogger<strong>{1}</strong>:212 - uiGrid-010D
12:45:56,911  INFO devpinoyLogger<strong>{1}</strong>:221 -  0.000000 
12:45:56,928  INFO devpinoyLogger<strong>{1}</strong>:225 - ~>> Excess Amt Total :: 0.0
12:46:01,941  INFO devpinoyLogger<strong>{1}</strong>:247 - ::::::::::::::::::::::::::::::::::::::::::::::::::::::::::::::::::::::::::::::::::::::::::::::::::::::::::::::::::::::::::::::::::::::::::::::::::::::::::::::::::
12:46:01,942  INFO devpinoyLogger<strong>{1}</strong>:251 - #. CASE : GET Order Cost
12:46:02,044  INFO devpinoyLogger<strong>{1}</strong>:210 - 1635750824049-uiGrid-010D
12:46:02,044  INFO devpinoyLogger<strong>{1}</strong>:212 - uiGrid-010D
12:46:14,420  INFO devpinoyLogger<strong>{1}</strong>:221 -  16.879500 
12:46:14,440  INFO devpinoyLogger<strong>{1}</strong>:225 - ~>> Order Cost Total :: 16.8795
12:46:14,449  INFO devpinoyLogger<strong>{1}</strong>:247 - ::::::::::::::::::::::::::::::::::::::::::::::::::::::::::::::::::::::::::::::::::::::::::::::::::::::::::::::::::::::::::::::::::::::::::::::::::::::::::::::::::
12:46:14,451  INFO devpinoyLogger<strong>{1}</strong>:251 - #. CASE : CHECK SUMMARY TOTAL FOR MATERIAL
12:46:14,577  INFO devpinoyLogger<strong>{1}</strong>:87 - ~>> Redirected to Summary Tab
12:46:39,894  INFO devpinoyLogger<strong>{1}</strong>:200 - ~>> Actual Material Cost - 1.023000
12:46:39,895  INFO devpinoyLogger<strong>{1}</strong>:106 - ~>> Expected Material Cost - 1.023000
12:46:39,895  INFO devpinoyLogger<strong>{1}</strong>:136 - ~>> RESULT :: NOT MATCHED
12:46:55,068  INFO devpinoyLogger<strong>{1}</strong>:200 - ~>> Actual Material Lead Cost - 0.127875
12:46:55,068  INFO devpinoyLogger<strong>{1}</strong>:113 - ~>> Expected Material Lead Cost -0.127875
12:46:55,069  INFO devpinoyLogger<strong>{1}</strong>:136 - ~>> RESULT :: NOT MATCHED
12:47:10,254  INFO devpinoyLogger<strong>{1}</strong>:200 - ~>> Actual Material Attrition Cost - 0.255750
12:47:10,255  INFO devpinoyLogger<strong>{1}</strong>:120 - ~>> Expected Material Attrition Cost-0.255750
12:47:10,255  INFO devpinoyLogger<strong>{1}</strong>:136 - ~>> RESULT :: NOT MATCHED
12:47:20,366  INFO devpinoyLogger<strong>{1}</strong>:152 - Scrolling done
